<?xml version="1.0" encoding="UTF-8"?>
<testsuite xmlns:xsi="http://www.w3.org/2001/XMLSchema-instance" xsi:schemaLocation="https://maven.apache.org/surefire/maven-surefire-plugin/xsd/surefire-test-report.xsd" name="TestSuite" time="25.948" tests="3" errors="0" skipped="0" failures="0">
  <properties>
    <property name="PROCESSOR_ARCHITECTURE" value="AMD64"/>
    <property name="file.encoding.pkg" value="sun.io"/>
    <property name="LOGONSERVER" value="\\CS-PC"/>
    <property name="ProgramData" value="C:\ProgramData"/>
    <property name="java.home" value="C:\Program Files\Java\jdk1.8.0_131\jre"/>
    <property name="TITLE" value="Tomcat"/>
    <property name="NODE_NAME" value="master"/>
    <property name="LG_PATH" value="C:\Program Files (x86)\HP\LoadRunner\"/>
    <property name="JENKINS_URL" value="http://192.168.1.101:8080/jenkins/"/>
    <property name="CATALINA_HOME" value="D:\Tomcat\apache-tomcat-9.0.10"/>
    <property name="ALLUSERSPROFILE" value="C:\ProgramData"/>
    <property name="java.endorsed.dirs" value="C:\Program Files\Java\jdk1.8.0_131\jre\lib\endorsed"/>
    <property name="PSModulePath" value="C:\Windows\system32\WindowsPowerShell\v1.0\Modules\"/>
    <property name="USERDOMAIN" value="cs-PC"/>
    <property name="sun.os.patch.level" value="Service Pack 1"/>
    <property name="java.vendor.url" value="http://java.oracle.com/"/>
    <property name="JAVA_OPTS" value=" &quot;-Djdk.tls.ephemeralDHKeySize=2048&quot; -Djava.protocol.handler.pkgs=org.apache.catalina.webresources"/>
    <property name="CURR_DIR" value="C:\Program Files (x86)\HP\LoadRunner\dat\Setup\LoadRunner\MSBuild\..\..\..\.."/>
    <property name="CommonProgramFiles(x86)" value="C:\Program Files (x86)\Common Files"/>
    <property name="java.version" value="1.8.0_131"/>
    <property name="JOB_NAME" value="Automation_JuYiPai"/>
    <property name="COMPUTERNAME" value="CS-PC"/>
    <property name="windows_tracing_logfile" value="C:\BVTBin\Tests\installpackage\csilogfile.log"/>
    <property name="EXECUTABLE" value="D:\Tomcat\apache-tomcat-9.0.10\bin\catalina.bat"/>
    <property name="ANDROID_HOME" value="D:\AndroidSDK"/>
    <property name="java.vendor.url.bug" value="http://bugreport.sun.com/bugreport/"/>
    <property name="PUBLIC" value="C:\Users\Public"/>
    <property name="user.name" value="Administrator"/>
    <property name="sun.io.unicode.encoding" value="UnicodeLittle"/>
    <property name="sun.jnu.encoding" value="GBK"/>
    <property name="java.runtime.name" value="Java(TM) SE Runtime Environment"/>
    <property name="windir" value="C:\Windows"/>
    <property name="PROCESSOR_IDENTIFIER" value="Intel64 Family 6 Model 60 Stepping 3, GenuineIntel"/>
    <property name="java.specification.name" value="Java Platform API Specification"/>
    <property name="LOCALAPPDATA" value="C:\Users\Administrator\AppData\Local"/>
    <property name="RUN_CHANGES_DISPLAY_URL" value="http://192.168.1.101:8080/jenkins/job/Automation_JuYiPai/10/display/redirect?page=changes"/>
    <property name="user.timezone" value="Asia/Shanghai"/>
    <property name="user.script" value=""/>
    <property name="path.separator" value=";"/>
    <property name="NUMBER_OF_PROCESSORS" value="4"/>
    <property name="BUILD_TAG" value="jenkins-Automation_JuYiPai-10"/>
    <property name="TERM" value="dumb"/>
    <property name="windows_tracing_flags" value="3"/>
    <property name="file.encoding" value="GBK"/>
    <property name="LOG_FILE" value="C:\Users\ADMINI~1\AppData\Local\Temp\ihp_custom_batches.log"/>
    <property name="sun.java.command" value="jenkins.maven3.agent.Maven35Main C:\Users\Administrator\.jenkins\tools\hudson.tasks.Maven_MavenInstallation\M3.5 D:\Tomcat\apache-tomcat-9.0.10\webapps\jenkins\WEB-INF\lib\remoting-3.20.jar C:\Users\Administrator\.jenkins\plugins\maven-plugin\WEB-INF\lib\maven35-interceptor-1.12-alpha-1.jar C:\Users\Administrator\.jenkins\plugins\maven-plugin\WEB-INF\lib\maven3-interceptor-commons-1.12-alpha-1.jar 12743"/>
    <property name="HUDSON_URL" value="http://192.168.1.101:8080/jenkins/"/>
    <property name="JENKINS_SERVER_COOKIE" value="01f6540d3bf265ec"/>
    <property name="=D:" value="D:\Tomcat\apache-tomcat-9.0.10\bin"/>
    <property name="EXECUTOR_NUMBER" value="1"/>
    <property name="Path" value="C:\Program Files\Java\jdk1.8.0_131\bin;C:\Program Files\Java\jdk1.8.0_131\jre\bin;C:\ProgramData\Oracle\Java\javapath;C:\Windows\system32;C:\Windows;C:\Windows\System32\Wbem;C:\Windows\System32\WindowsPowerShell\v1.0\;C:\strawberry\c\bin;C:\strawberry\perl\bin;D:\AndroidSDK\tools;D:\AndroidSDK\tools\bin;D:\AndroidSDK\platform-tools;D:\AndroidSDK\build-tools\25.0.2;c:\windows\system32;C:\Users\Administrator\git\PortableGit\cmd;D:\gradle-4.5.1;D:\AndroidSDK\build-tools\26.0.2;C:\Program Files (x86)\Nox\bin;C:\Program Files (x86)\Appium;C:\Program Files (x86)\Appium\node_modules\.bin;C:\Program Files\Git\cmd"/>
    <property name="LOGGER_CONFIG_PATH" value="C:\Program Files (x86)\HP\LoadRunner\dat\ltlogconf.xml"/>
    <property name="GIT_COMMIT" value="6000efc955c7729a035525c8cd77277a902180af"/>
    <property name="java.io.tmpdir" value="C:\Users\ADMINI~1\AppData\Local\Temp\"/>
    <property name="APPDATA" value="C:\Users\Administrator\AppData\Roaming"/>
    <property name="user.language" value="zh"/>
    <property name="CATALINA_TMPDIR" value="D:\Tomcat\apache-tomcat-9.0.10\temp"/>
    <property name="line.separator" value="&#10;"/>
    <property name="BUILD_URL" value="http://192.168.1.101:8080/jenkins/job/Automation_JuYiPai/10/"/>
    <property name="ACTION" value="start"/>
    <property name="M2_HOME" value="C:\Users\Administrator\.jenkins\tools\hudson.tasks.Maven_MavenInstallation\M3.5"/>
    <property name="java.vm.info" value="mixed mode"/>
    <property name="sun.desktop" value="windows"/>
    <property name="java.vm.specification.name" value="Java Virtual Machine Specification"/>
    <property name="BUILD_DISPLAY_NAME" value="#10"/>
    <property name="OS" value="Windows_NT"/>
    <property name="LSERVRC" value="C:\ProgramData\HP\Functional testing\License\lservrc"/>
    <property name="guice.disable.misplaced.annotation.check" value="true"/>
    <property name="CATALINA_BASE" value="D:\Tomcat\apache-tomcat-9.0.10"/>
    <property name="TARGETDIR" value="C:\Program Files (x86)\HP\LoadRunner\dat\Setup\LoadRunner\MSBuild\..\..\..\.."/>
    <property name="HUDSON_SERVER_COOKIE" value="01f6540d3bf265ec"/>
    <property name="JRE_HOME" value="C:\Program Files\Java\jdk1.8.0_131"/>
    <property name="_EXECJAVA" value="start &quot;Tomcat&quot; &quot;C:\Program Files\Java\jdk1.8.0_131\bin\java.exe&quot;"/>
    <property name="_RUNJAVA" value="&quot;C:\Program Files\Java\jdk1.8.0_131\bin\java.exe&quot;"/>
    <property name="MAVEN_HOME" value="C:\Users\Administrator\.jenkins\tools\hudson.tasks.Maven_MavenInstallation\M3.5"/>
    <property name="SESSIONNAME" value="Console"/>
    <property name="PATHEXT" value=".COM;.EXE;.BAT;.CMD;.VBS;.VBE;.JS;.JSE;.WSF;.WSH;.MSC"/>
    <property name="java.awt.printerjob" value="sun.awt.windows.WPrinterJob"/>
    <property name="maven3.interceptor.common" value="C:\Users\Administrator\.jenkins\plugins\maven-plugin\WEB-INF\lib\maven3-interceptor-commons-1.12-alpha-1.jar"/>
    <property name="CLASSPATH" value=""/>
    <property name="LOGGING_CONFIG" value="-Djava.util.logging.config.file=&quot;D:\Tomcat\apache-tomcat-9.0.10\conf\logging.properties&quot;"/>
    <property name="ANALYSIS_PATH" value="C:\Program Files (x86)\HP\LoadRunner\"/>
    <property name="HOMEPATH" value="\Users\Administrator"/>
    <property name="os.name" value="Windows 7"/>
    <property name="java.specification.vendor" value="Oracle Corporation"/>
    <property name="LNKEVN" value="C:\Program Files (x86)\Internet Explorer\iexplore.exe"/>
    <property name="FP_NO_HOST_CHECK" value="NO"/>
    <property name="java.vm.name" value="Java HotSpot(TM) 64-Bit Server VM"/>
    <property name="BUILD_NUMBER" value="10"/>
    <property name="maven3.interceptor" value="C:\Users\Administrator\.jenkins\plugins\maven-plugin\WEB-INF\lib\maven35-interceptor-1.12-alpha-1.jar"/>
    <property name="java.library.path" value="C:\Program Files\Java\jdk1.8.0_131\bin;C:\Windows\Sun\Java\bin;C:\Windows\system32;C:\Windows;C:\Users\Administrator\.jenkins\tools\hudson.tasks.Maven_MavenInstallation\M3.5/bin;C:\Program Files\Java\jdk1.8.0_131\bin;C:\Program Files\Java\jdk1.8.0_131\jre\bin;C:\ProgramData\Oracle\Java\javapath;C:\Windows\system32;C:\Windows;C:\Windows\System32\Wbem;C:\Windows\System32\WindowsPowerShell\v1.0\;C:\strawberry\c\bin;C:\strawberry\perl\bin;D:\AndroidSDK\tools;D:\AndroidSDK\tools\bin;D:\AndroidSDK\platform-tools;D:\AndroidSDK\build-tools\25.0.2;c:\windows\system32;C:\Users\Administrator\git\PortableGit\cmd;D:\gradle-4.5.1;D:\AndroidSDK\build-tools\26.0.2;C:\Program Files (x86)\Nox\bin;C:\Program Files (x86)\Appium;C:\Program Files (x86)\Appium\node_modules\.bin;C:\Program Files\Git\cmd;."/>
    <property name="HOMEDRIVE" value="C:"/>
    <property name="GRADLE_HOME" value="D:\gradle-4.5.1"/>
    <property name="POM_GROUPID" value="Automoation"/>
    <property name="POM_ARTIFACTID" value="JuYiPai"/>
    <property name="java.class.version" value="52.0"/>
    <property name="JSSE_OPTS" value="&quot;-Djdk.tls.ephemeralDHKeySize=2048&quot;"/>
    <property name="LOGGING_MANAGER" value="-Djava.util.logging.manager=org.apache.juli.ClassLoaderLogManager"/>
    <property name="_RUNJDB" value="&quot;C:\Program Files\Java\jdk1.8.0_131\bin\jdb.exe&quot;"/>
    <property name="LR_ROOT" value="C:\Program Files (x86)\HP\LoadRunner\"/>
    <property name="JOB_URL" value="http://192.168.1.101:8080/jenkins/job/Automation_JuYiPai/"/>
    <property name="GIT_BRANCH" value="origin/master"/>
    <property name="RUN_DISPLAY_URL" value="http://192.168.1.101:8080/jenkins/job/Automation_JuYiPai/10/display/redirect"/>
    <property name="MAINCLASS" value="org.apache.catalina.startup.Bootstrap"/>
    <property name="FTP_PASSIVE" value="1"/>
    <property name="JENKINS_HOME" value="C:\Users\Administrator\.jenkins"/>
    <property name="BUILD_ID" value="10"/>
    <property name="TEMP" value="C:\Users\ADMINI~1\AppData\Local\Temp"/>
    <property name="sun.boot.library.path" value="C:\Program Files\Java\jdk1.8.0_131\jre\bin"/>
    <property name="VUGEN_PATH" value="C:\Program Files (x86)\HP\LoadRunner\"/>
    <property name="JDK_JAVA_OPTIONS" value=" --add-opens=java.base/java.lang=ALL-UNNAMED --add-opens=java.base/java.io=ALL-UNNAMED --add-opens=java.rmi/sun.rmi.transport=ALL-UNNAMED"/>
    <property name="sun.management.compiler" value="HotSpot 64-Bit Tiered Compilers"/>
    <property name="java.awt.graphicsenv" value="sun.awt.Win32GraphicsEnvironment"/>
    <property name="user.variant" value=""/>
    <property name="PROCESSOR_REVISION" value="3c03"/>
    <property name="POM_VERSION" value="1.0-SNAPSHOT"/>
    <property name="HUDSON_HOME" value="C:\Users\Administrator\.jenkins"/>
    <property name="ProgramFiles(x86)" value="C:\Program Files (x86)"/>
    <property name="PATH+MAVEN" value="C:\Users\Administrator\.jenkins\tools\hudson.tasks.Maven_MavenInstallation\M3.5/bin"/>
    <property name="PROMPT" value="$P$G"/>
    <property name="CURRENT_DIR" value="D:\Tomcat\apache-tomcat-9.0.10\bin"/>
    <property name="java.vm.specification.version" value="1.8"/>
    <property name="JAVA_HOME" value="C:\Program Files\Java\jdk1.8.0_131"/>
    <property name="awt.toolkit" value="sun.awt.windows.WToolkit"/>
    <property name="NODE_LABELS" value="master"/>
    <property name="sun.cpu.isalist" value="amd64"/>
    <property name="USERPROFILE" value="C:\Users\Administrator"/>
    <property name="JOB_DISPLAY_URL" value="http://192.168.1.101:8080/jenkins/job/Automation_JuYiPai/display/redirect"/>
    <property name="java.ext.dirs" value="C:\Program Files\Java\jdk1.8.0_131\jre\lib\ext;C:\Windows\Sun\Java\lib\ext"/>
    <property name="os.version" value="6.1"/>
    <property name="user.home" value="C:\Users\Administrator"/>
    <property name="USERNAME" value="Administrator"/>
    <property name="java.vm.vendor" value="Oracle Corporation"/>
    <property name="PROCESSOR_LEVEL" value="6"/>
    <property name="CommonProgramW6432" value="C:\Program Files\Common Files"/>
    <property name="user.dir" value="E:\JuYiPai"/>
    <property name="maven.conf" value="C:\Users\Administrator\.jenkins\tools\hudson.tasks.Maven_MavenInstallation\M3.5\conf"/>
    <property name="ProgramW6432" value="C:\Program Files"/>
    <property name="TMP" value="C:\Users\ADMINI~1\AppData\Local\Temp"/>
    <property name="sun.cpu.endian" value="little"/>
    <property name="SystemDrive" value="C:"/>
    <property name="java.vm.version" value="25.131-b11"/>
    <property name="java.class.path" value="C:\Users\Administrator\.jenkins\plugins\maven-plugin\WEB-INF\lib\maven35-agent-1.12-alpha-1.jar;C:\Users\Administrator\.jenkins\tools\hudson.tasks.Maven_MavenInstallation\M3.5\boot\plexus-classworlds-2.5.2.jar;C:\Users\Administrator\.jenkins\tools\hudson.tasks.Maven_MavenInstallation\M3.5/conf/logging"/>
    <property name="org.slf4j.simpleLogger.defaultLogLevel" value="info"/>
    <property name="os.arch" value="amd64"/>
    <property name="ComSpec" value="C:\Windows\system32\cmd.exe"/>
    <property name="WORKSPACE" value="C:\Users\Administrator\.jenkins\workspace\Automation_JuYiPai"/>
    <property name="sun.java.launcher" value="SUN_STANDARD"/>
    <property name="SystemRoot" value="C:\Windows"/>
    <property name="CommonProgramFiles" value="C:\Program Files\Common Files"/>
    <property name="java.vm.specification.vendor" value="Oracle Corporation"/>
    <property name="file.separator" value="\"/>
    <property name="LR_PATH" value="C:\Program Files (x86)\HP\LoadRunner\"/>
    <property name="java.runtime.version" value="1.8.0_131-b11"/>
    <property name="sun.boot.class.path" value="C:\Program Files\Java\jdk1.8.0_131\jre\lib\resources.jar;C:\Program Files\Java\jdk1.8.0_131\jre\lib\rt.jar;C:\Program Files\Java\jdk1.8.0_131\jre\lib\sunrsasign.jar;C:\Program Files\Java\jdk1.8.0_131\jre\lib\jsse.jar;C:\Program Files\Java\jdk1.8.0_131\jre\lib\jce.jar;C:\Program Files\Java\jdk1.8.0_131\jre\lib\charsets.jar;C:\Program Files\Java\jdk1.8.0_131\jre\lib\jfr.jar;C:\Program Files\Java\jdk1.8.0_131\jre\classes"/>
    <property name="ProgramFiles" value="C:\Program Files"/>
    <property name="CLASS_PATH" value=".;C:\Program Files\Java\jdk1.8.0_131\lib\dt.jar;C:\Program Files\Java\jdk1.8.0_131\lib\tools.jar"/>
    <property name="user.country" value="CN"/>
    <property name="POM_PACKAGING" value="jar"/>
    <property name="maven.home" value="C:\Users\Administrator\.jenkins\tools\hudson.tasks.Maven_MavenInstallation\M3.5"/>
    <property name="ENDORSED_PROP" value="ignore.endorsed.dirs"/>
    <property name="JOB_BASE_NAME" value="Automation_JuYiPai"/>
    <property name="java.vendor" value="Oracle Corporation"/>
    <property name="POM_DISPLAYNAME" value="JuYiPai"/>
    <property name="java.specification.version" value="1.8"/>
    <property name="sun.arch.data.model" value="64"/>
    <property name="GIT_URL" value="https://github.com/SiYangdhome/Automation_JuYiPai.git"/>
  </properties>
  <testcase name="loginCase" classname="autofreamwork.LoginTest" time="10.668"/>
  <testcase name="loginFalsephone" classname="autofreamwork.LoginTest" time="6.122"/>
  <testcase name="loginFalsepwd" classname="autofreamwork.LoginTest" time="5.988"/>
</testsuite>