<?xml version="1.0" encoding="UTF-8"?>
<!-- Generated by org.testng.reporters.JUnitReportReporter -->
<testsuite name="autofreamwork.LoginTest" tests="3" time="27.218" ignored="0" failures="0" timestamp="31 七月 2018 01:59:24 GMT" skipped="0" hostname="cs-PC" errors="0">
  <testcase name="loginCase" time="13.152" classname="autofreamwork.LoginTest"/>
  <testcase name="loginFalsepwd" time="7.138" classname="autofreamwork.LoginTest"/>
  <testcase name="loginFalsephone" time="6.928" classname="autofreamwork.LoginTest"/>
</testsuite> <!-- autofreamwork.LoginTest -->
