<?xml version="1.0" encoding="UTF-8"?>
<!-- Generated by org.testng.reporters.JUnitReportReporter -->
<testsuite name="autofreamwork.LoginTest" tests="3" time="25.518" ignored="0" failures="0" timestamp="31 七月 2018 02:30:43 GMT" skipped="0" hostname="cs-PC" errors="0">
  <testcase name="loginCase" time="11.478" classname="autofreamwork.LoginTest"/>
  <testcase name="loginFalsepwd" time="7.095" classname="autofreamwork.LoginTest"/>
  <testcase name="loginFalsephone" time="6.945" classname="autofreamwork.LoginTest"/>
</testsuite> <!-- autofreamwork.LoginTest -->
